Using pre-set license
Built from '2022.3/staging' branch; Version is '2022.3.11f1 (d00248457e15) revision 13632072'; Using compiler version '192829333'; Build Type 'Release'
OS: 'Windows 11  (10.0.22621) 64bit CoreSingleLanguage' Language: 'en' Physical Memory: 15724 MB
BatchMode: 1, IsHumanControllingUs: 0, StartBugReporterOnCrash: 0, Is64bit: 1, IsPro: 1

COMMAND LINE ARGUMENTS:
D:\LuTruUnity\Version\2022.3.11f1\Editor\Unity.exe
-adb2
-batchMode
-noUpm
-name
AssetImportWorker0
-projectPath
D:/ThucTapGame2D/GameTongKet
-logFile
Logs/AssetImportWorker0.log
-srvPort
52023
Successfully changed project path to: D:/ThucTapGame2D/GameTongKet
D:/ThucTapGame2D/GameTongKet
[UnityMemory] Configuration Parameters - Can be set up in boot.config
    "memorysetup-bucket-allocator-granularity=16"
    "memorysetup-bucket-allocator-bucket-count=8"
    "memorysetup-bucket-allocator-block-size=33554432"
    "memorysetup-bucket-allocator-block-count=8"
    "memorysetup-main-allocator-block-size=16777216"
    "memorysetup-thread-allocator-block-size=16777216"
    "memorysetup-gfx-main-allocator-block-size=16777216"
    "memorysetup-gfx-thread-allocator-block-size=16777216"
    "memorysetup-cache-allocator-block-size=4194304"
    "memorysetup-typetree-allocator-block-size=2097152"
    "memorysetup-profiler-bucket-allocator-granularity=16"
    "memorysetup-profiler-bucket-allocator-bucket-count=8"
    "memorysetup-profiler-bucket-allocator-block-size=33554432"
    "memorysetup-profiler-bucket-allocator-block-count=8"
    "memorysetup-profiler-allocator-block-size=16777216"
    "memorysetup-profiler-editor-allocator-block-size=1048576"
    "memorysetup-temp-allocator-size-main=16777216"
    "memorysetup-job-temp-allocator-block-size=2097152"
    "memorysetup-job-temp-allocator-block-size-background=1048576"
    "memorysetup-job-temp-allocator-reduction-small-platforms=262144"
    "memorysetup-allocator-temp-initial-block-size-main=262144"
    "memorysetup-allocator-temp-initial-block-size-worker=262144"
    "memorysetup-temp-allocator-size-background-worker=32768"
    "memorysetup-temp-allocator-size-job-worker=262144"
    "memorysetup-temp-allocator-size-preload-manager=33554432"
    "memorysetup-temp-allocator-size-nav-mesh-worker=65536"
    "memorysetup-temp-allocator-size-audio-worker=65536"
    "memorysetup-temp-allocator-size-cloud-worker=32768"
    "memorysetup-temp-allocator-size-gi-baking-worker=262144"
    "memorysetup-temp-allocator-size-gfx=262144"
Player connection [521860] Host "[IP] 192.168.1.5 [Port] 0 [Flags] 2 [Guid] 3947841498 [EditorId] 3947841498 [Version] 1048832 [Id] WindowsEditor(7,LAPTOP-DUTDHNMP) [Debug] 1 [PackageName] WindowsEditor [ProjectName] Editor" joined multi-casting on [225.0.0.222:54997]...

Player connection [521860] Host "[IP] 192.168.1.5 [Port] 0 [Flags] 2 [Guid] 3947841498 [EditorId] 3947841498 [Version] 1048832 [Id] WindowsEditor(7,LAPTOP-DUTDHNMP) [Debug] 1 [PackageName] WindowsEditor [ProjectName] Editor" joined alternative multi-casting on [225.0.0.222:34997]...

[Physics::Module] Initialized MultithreadedJobDispatcher with 11 workers.
Refreshing native plugins compatible for Editor in 68.37 ms, found 4 plugins.
Preloading 0 native plugins for Editor in 0.00 ms.
Initialize engine version: 2022.3.11f1 (d00248457e15)
[Subsystems] Discovering subsystems at path D:/LuTruUnity/Version/2022.3.11f1/Editor/Data/Resources/UnitySubsystems
[Subsystems] Discovering subsystems at path D:/ThucTapGame2D/GameTongKet/Assets
GfxDevice: creating device client; threaded=0; jobified=0
Direct3D:
    Version:  Direct3D 11.0 [level 11.1]
    Renderer: NVIDIA GeForce GTX 1650 (ID=0x1f9d)
    Vendor:   NVIDIA
    VRAM:     3962 MB
    Driver:   30.0.15.1274
Initialize mono
Mono path[0] = 'D:/LuTruUnity/Version/2022.3.11f1/Editor/Data/Managed'
Mono path[1] = 'D:/LuTruUnity/Version/2022.3.11f1/Editor/Data/MonoBleedingEdge/lib/mono/unityjit-win32'
Mono config path = 'D:/LuTruUnity/Version/2022.3.11f1/Editor/Data/MonoBleedingEdge/etc'
Using monoOptions --debugger-agent=transport=dt_socket,embedding=1,server=y,suspend=n,address=127.0.0.1:56068
Begin MonoManager ReloadAssembly
Registering precompiled unity dll's ...
Register platform support module: D:/LuTruUnity/Version/2022.3.11f1/Editor/Data/PlaybackEngines/WebGLSupport/UnityEditor.WebGL.Extensions.dll
Register platform support module: D:/LuTruUnity/Version/2022.3.11f1/Editor/Data/PlaybackEngines/AndroidPlayer/UnityEditor.Android.Extensions.dll
Register platform support module: D:/LuTruUnity/Version/2022.3.11f1/Editor/Data/PlaybackEngines/WindowsStandaloneSupport/UnityEditor.WindowsStandalone.Extensions.dll
Registered in 0.021420 seconds.
- Loaded All Assemblies, in  0.752 seconds
Native extension for WindowsStandalone target not found
Native extension for Android target not found
Android Extension - Scanning For ADB Devices 571 ms
Native extension for WebGL target not found
Mono: successfully reloaded assembly
- Finished resetting the current domain, in  1.011 seconds
Domain Reload Profiling: 1762ms
	BeginReloadAssembly (348ms)
		ExecutionOrderSort (0ms)
		DisableScriptedObjects (0ms)
		BackupInstance (0ms)
		ReleaseScriptingObjects (0ms)
		CreateAndSetChildDomain (1ms)
	RebuildCommonClasses (68ms)
	RebuildNativeTypeToScriptingClass (18ms)
	initialDomainReloadingComplete (109ms)
	LoadAllAssembliesAndSetupDomain (208ms)
		LoadAssemblies (347ms)
		RebuildTransferFunctionScriptingTraits (0ms)
		AnalyzeDomain (204ms)
			TypeCache.Refresh (201ms)
				TypeCache.ScanAssembly (183ms)
			ScanForSourceGeneratedMonoScriptInfo (0ms)
			ResolveRequiredComponents (1ms)
	FinalizeReload (1011ms)
		ReleaseScriptCaches (0ms)
		RebuildScriptCaches (0ms)
		SetupLoadedEditorAssemblies (931ms)
			LogAssemblyErrors (0ms)
			InitializePlatformSupportModulesInManaged (724ms)
			SetLoadedEditorAssemblies (7ms)
			RefreshPlugins (0ms)
			BeforeProcessingInitializeOnLoad (3ms)
			ProcessInitializeOnLoadAttributes (132ms)
			ProcessInitializeOnLoadMethodAttributes (65ms)
			AfterProcessingInitializeOnLoad (0ms)
			EditorAssembliesLoaded (0ms)
		ExecutionOrderSort2 (0ms)
		AwakeInstancesAfterBackupRestoration (0ms)
========================================================================
Worker process is ready to serve import requests
Begin MonoManager ReloadAssembly
- Loaded All Assemblies, in  1.703 seconds
Refreshing native plugins compatible for Editor in 9.90 ms, found 4 plugins.
Native extension for WindowsStandalone target not found
Native extension for Android target not found
Native extension for WebGL target not found
Package Manager log level set to [2]
[Package Manager] Server::EnsureServerProcessIsRunning -- launch failed, reason: Unity was launched with the -noUpm command-line argument
[Package Manager] UpmClient::Send -- Unable to send message (not connected to UPM process).
[Package Manager] Cannot connect to Unity Package Manager local server
Mono: successfully reloaded assembly
- Finished resetting the current domain, in  0.951 seconds
Domain Reload Profiling: 2654ms
	BeginReloadAssembly (318ms)
		ExecutionOrderSort (0ms)
		DisableScriptedObjects (8ms)
		BackupInstance (0ms)
		ReleaseScriptingObjects (0ms)
		CreateAndSetChildDomain (35ms)
	RebuildCommonClasses (49ms)
	RebuildNativeTypeToScriptingClass (14ms)
	initialDomainReloadingComplete (65ms)
	LoadAllAssembliesAndSetupDomain (1255ms)
		LoadAssemblies (1132ms)
		RebuildTransferFunctionScriptingTraits (0ms)
		AnalyzeDomain (351ms)
			TypeCache.Refresh (302ms)
				TypeCache.ScanAssembly (276ms)
			ScanForSourceGeneratedMonoScriptInfo (36ms)
			ResolveRequiredComponents (11ms)
	FinalizeReload (952ms)
		ReleaseScriptCaches (0ms)
		RebuildScriptCaches (0ms)
		SetupLoadedEditorAssemblies (682ms)
			LogAssemblyErrors (0ms)
			InitializePlatformSupportModulesInManaged (43ms)
			SetLoadedEditorAssemblies (9ms)
			RefreshPlugins (0ms)
			BeforeProcessingInitializeOnLoad (97ms)
			ProcessInitializeOnLoadAttributes (462ms)
			ProcessInitializeOnLoadMethodAttributes (68ms)
			AfterProcessingInitializeOnLoad (3ms)
			EditorAssembliesLoaded (0ms)
		ExecutionOrderSort2 (0ms)
		AwakeInstancesAfterBackupRestoration (9ms)
Launched and connected shader compiler UnityShaderCompiler.exe after 0.11 seconds
Refreshing native plugins compatible for Editor in 5.19 ms, found 4 plugins.
Preloading 0 native plugins for Editor in 0.00 ms.
Unloading 4016 Unused Serialized files (Serialized files now loaded: 0)
Unloading 70 unused Assets / (245.3 KB). Loaded Objects now: 4475.
Memory consumption went from 148.3 MB to 148.1 MB.
Total: 5.462400 ms (FindLiveObjects: 0.624200 ms CreateObjectMapping: 0.273400 ms MarkObjects: 4.256900 ms  DeleteObjects: 0.305500 ms)

AssetImportParameters requested are different than current active one (requested -> active):
  custom:container-demuxer-ogg: 62fdf1f143b41e24485cea50d1cbac27 -> 
  custom:video-decoder-ogg-theora: a1e56fd34408186e4bbccfd4996cb3dc -> 
  custom:framework-win-MediaFoundation: 216162199b28c13a410421893ffa2e32 -> 
  custom:CustomObjectIndexerAttribute: 756ad292c208cfabdd7b50bc23989ffe -> 
  custom:container-demuxer-webm: 4f35f7cbe854078d1ac9338744f61a02 -> 
  custom:container-muxer-webm: aa71ff27fc2769a1b78a27578f13a17b -> 
  custom:video-decoder-webm-vp8: 9c59270c3fd7afecdb556c50c9e8de78 -> 
  custom:SearchIndexIgnoredProperties: e643bd26f0fe6173181afceb89e7c659 -> 
  custom:AudioImporter_EditorPlatform: d09bf68614088b80899f8185d706f6e7 -> 
  custom:video-encoder-webm-vp8: eb34c28f22e8b96e1ab97ce403110664 -> 
  custom:audio-decoder-ogg-vorbis: bf7c407c2cedff20999df2af8eb42d56 -> 
  custom:audio-encoder-webm-vorbis: bf7c407c2cedff20999df2af8eb42d56 -> 
========================================================================
Received Import Request.
  Time since last request: 534904.570863 seconds.
  path: Assets/Sprites/ForestLevel/TileSet/Platform Palette.prefab
  artifactKey: Guid(403b581e925cad0419a7398aa2fb67b8) Importer(815301076,1909f56bfc062723c751e8b465ee728b)
Start importing Assets/Sprites/ForestLevel/TileSet/Platform Palette.prefab using Guid(403b581e925cad0419a7398aa2fb67b8) Importer(815301076,1909f56bfc062723c751e8b465ee728b)  -> (artifact id: '964cc96cfd857ae0a236e2b461aec707') in 0.134682 seconds
Number of updated asset objects reloaded before import = 0
Number of asset objects unloaded after import = 10
========================================================================
Received Import Request.
  Time since last request: 12.179763 seconds.
  path: Assets/Sprites/ForestLevel/TileSet/Platform Palette.prefab
  artifactKey: Guid(403b581e925cad0419a7398aa2fb67b8) Importer(815301076,1909f56bfc062723c751e8b465ee728b)
Start importing Assets/Sprites/ForestLevel/TileSet/Platform Palette.prefab using Guid(403b581e925cad0419a7398aa2fb67b8) Importer(815301076,1909f56bfc062723c751e8b465ee728b)  -> (artifact id: '388071411f64a06bf4da4af900b482bc') in 0.042766 seconds
Number of updated asset objects reloaded before import = 0
Number of asset objects unloaded after import = 109
========================================================================
Received Import Request.
  Time since last request: 61.895605 seconds.
  path: Assets/Sprites/Rule Tile.asset
  artifactKey: Guid(01cd93888796cd843a7e65d0520f18da) Importer(815301076,1909f56bfc062723c751e8b465ee728b)
Start importing Assets/Sprites/Rule Tile.asset using Guid(01cd93888796cd843a7e65d0520f18da) Importer(815301076,1909f56bfc062723c751e8b465ee728b)  -> (artifact id: 'f352ef13a8410eefac75208acfbb2031') in 0.009237 seconds
Number of updated asset objects reloaded before import = 0
Number of asset objects unloaded after import = 1
========================================================================
Received Import Request.
  Time since last request: 2056.138888 seconds.
  path: Assets/Sprites/ForestLevel/TileSet/Sprites 1_0.asset
  artifactKey: Guid(b140038b5ab8f72499a9e5dcf01b550a) Importer(815301076,1909f56bfc062723c751e8b465ee728b)
Start importing Assets/Sprites/ForestLevel/TileSet/Sprites 1_0.asset using Guid(b140038b5ab8f72499a9e5dcf01b550a) Importer(815301076,1909f56bfc062723c751e8b465ee728b)  -> (artifact id: 'd3382972e826084abdcd61544f9633d3') in 0.485918 seconds
Number of updated asset objects reloaded before import = 0
Number of asset objects unloaded after import = 3
========================================================================
Received Import Request.
  Time since last request: 0.000181 seconds.
  path: Assets/Sprites/ForestLevel/TileSet/Sprites 1_3.asset
  artifactKey: Guid(09314d78d4841f144b161588b31c5c98) Importer(815301076,1909f56bfc062723c751e8b465ee728b)
Start importing Assets/Sprites/ForestLevel/TileSet/Sprites 1_3.asset using Guid(09314d78d4841f144b161588b31c5c98) Importer(815301076,1909f56bfc062723c751e8b465ee728b)  -> (artifact id: 'ab36e9a69dc16aa772335b6fbf66d016') in 0.018422 seconds
Number of updated asset objects reloaded before import = 0
Number of asset objects unloaded after import = 3
========================================================================
Received Import Request.
  Time since last request: 0.000035 seconds.
  path: Assets/Sprites/ForestLevel/TileSet/Sprites 1_7.asset
  artifactKey: Guid(20e6777100efd5f4192836c9da116f58) Importer(815301076,1909f56bfc062723c751e8b465ee728b)
Start importing Assets/Sprites/ForestLevel/TileSet/Sprites 1_7.asset using Guid(20e6777100efd5f4192836c9da116f58) Importer(815301076,1909f56bfc062723c751e8b465ee728b)  -> (artifact id: '6bb6b2c3f97124d3b208765dab712d90') in 0.016320 seconds
Number of updated asset objects reloaded before import = 0
Number of asset objects unloaded after import = 3
========================================================================
Received Import Request.
  Time since last request: 0.000016 seconds.
  path: Assets/Sprites/ForestLevel/TileSet/Sprites 1_4.asset
  artifactKey: Guid(7b10efabb9a2e8b4ebafc70f0b70a3a3) Importer(815301076,1909f56bfc062723c751e8b465ee728b)
Start importing Assets/Sprites/ForestLevel/TileSet/Sprites 1_4.asset using Guid(7b10efabb9a2e8b4ebafc70f0b70a3a3) Importer(815301076,1909f56bfc062723c751e8b465ee728b)  -> (artifact id: 'bb3f251eaf515b0839662accac702e49') in 0.014405 seconds
Number of updated asset objects reloaded before import = 0
Number of asset objects unloaded after import = 3
========================================================================
Received Import Request.
  Time since last request: 0.000028 seconds.
  path: Assets/Sprites/ForestLevel/TileSet/Sprites 1_2.asset
  artifactKey: Guid(78c8ab624841ffe4f9b85ddeb2bd6e7e) Importer(815301076,1909f56bfc062723c751e8b465ee728b)
Start importing Assets/Sprites/ForestLevel/TileSet/Sprites 1_2.asset using Guid(78c8ab624841ffe4f9b85ddeb2bd6e7e) Importer(815301076,1909f56bfc062723c751e8b465ee728b)  -> (artifact id: '6fbf34a4bd1b6f0616610ed585bd5ae3') in 0.012437 seconds
Number of updated asset objects reloaded before import = 0
Number of asset objects unloaded after import = 3
========================================================================
Received Import Request.
  Time since last request: 0.001039 seconds.
  path: Assets/Sprites/ForestLevel/TileSet/Sprites 1_5.asset
  artifactKey: Guid(862f579661e3bc34bbe4374a71d7f538) Importer(815301076,1909f56bfc062723c751e8b465ee728b)
Start importing Assets/Sprites/ForestLevel/TileSet/Sprites 1_5.asset using Guid(862f579661e3bc34bbe4374a71d7f538) Importer(815301076,1909f56bfc062723c751e8b465ee728b)  -> (artifact id: 'a8404f9594e741db9c2b5c730b096257') in 0.019255 seconds
Number of updated asset objects reloaded before import = 0
Number of asset objects unloaded after import = 3
========================================================================
Received Import Request.
  Time since last request: 0.000015 seconds.
  path: Assets/Sprites/ForestLevel/TileSet/Sprites 1_6.asset
  artifactKey: Guid(b5582533456e39c4f9321d07f43735b3) Importer(815301076,1909f56bfc062723c751e8b465ee728b)
Start importing Assets/Sprites/ForestLevel/TileSet/Sprites 1_6.asset using Guid(b5582533456e39c4f9321d07f43735b3) Importer(815301076,1909f56bfc062723c751e8b465ee728b)  -> (artifact id: 'ed2fae9b6638d9a1de651a6344cbcac1') in 0.014561 seconds
Number of updated asset objects reloaded before import = 0
Number of asset objects unloaded after import = 3
========================================================================
Received Import Request.
  Time since last request: 11.912740 seconds.
  path: Assets/Sprites/ForestLevel/TileSet/Sprites 1_9.asset
  artifactKey: Guid(e14fc6e47171e5d42beb12febe050099) Importer(815301076,1909f56bfc062723c751e8b465ee728b)
Start importing Assets/Sprites/ForestLevel/TileSet/Sprites 1_9.asset using Guid(e14fc6e47171e5d42beb12febe050099) Importer(815301076,1909f56bfc062723c751e8b465ee728b)  -> (artifact id: 'fc0acbd93c9a44c7954247a3b6b09331') in 0.019311 seconds
Number of updated asset objects reloaded before import = 0
Number of asset objects unloaded after import = 3
========================================================================
Received Import Request.
  Time since last request: 0.000018 seconds.
  path: Assets/Sprites/ForestLevel/TileSet/Sprites 1_16.asset
  artifactKey: Guid(482db015dd823364abffc80cb31e5611) Importer(815301076,1909f56bfc062723c751e8b465ee728b)
Start importing Assets/Sprites/ForestLevel/TileSet/Sprites 1_16.asset using Guid(482db015dd823364abffc80cb31e5611) Importer(815301076,1909f56bfc062723c751e8b465ee728b)  -> (artifact id: '02a20bbecd94df977933ba73025b8ac9') in 0.013926 seconds
Number of updated asset objects reloaded before import = 0
Number of asset objects unloaded after import = 3
========================================================================
Received Import Request.
  Time since last request: 0.000020 seconds.
  path: Assets/Sprites/ForestLevel/TileSet/Sprites 1_19.asset
  artifactKey: Guid(c822e732c8b4674499ca73ddf266c215) Importer(815301076,1909f56bfc062723c751e8b465ee728b)
Start importing Assets/Sprites/ForestLevel/TileSet/Sprites 1_19.asset using Guid(c822e732c8b4674499ca73ddf266c215) Importer(815301076,1909f56bfc062723c751e8b465ee728b)  -> (artifact id: 'a8b904c2977740b84d4099b95e65a35b') in 0.019343 seconds
Number of updated asset objects reloaded before import = 0
Number of asset objects unloaded after import = 3
========================================================================
Received Import Request.
  Time since last request: 0.000025 seconds.
  path: Assets/Sprites/ForestLevel/TileSet/Sprites 1_11.asset
  artifactKey: Guid(dfbad77b6fb25b44b885cfef7d844797) Importer(815301076,1909f56bfc062723c751e8b465ee728b)
Start importing Assets/Sprites/ForestLevel/TileSet/Sprites 1_11.asset using Guid(dfbad77b6fb25b44b885cfef7d844797) Importer(815301076,1909f56bfc062723c751e8b465ee728b)  -> (artifact id: '82f043e189028f8b00b46796aa160790') in 0.013974 seconds
Number of updated asset objects reloaded before import = 0
Number of asset objects unloaded after import = 3
========================================================================
Received Import Request.
  Time since last request: 0.000016 seconds.
  path: Assets/Sprites/ForestLevel/TileSet/Sprites 1_13.asset
  artifactKey: Guid(1d0ac85f97155524cabd460af6d7c809) Importer(815301076,1909f56bfc062723c751e8b465ee728b)
Start importing Assets/Sprites/ForestLevel/TileSet/Sprites 1_13.asset using Guid(1d0ac85f97155524cabd460af6d7c809) Importer(815301076,1909f56bfc062723c751e8b465ee728b)  -> (artifact id: '3f4b94566859aaddb83c86ae732c46d5') in 0.014118 seconds
Number of updated asset objects reloaded before import = 0
Number of asset objects unloaded after import = 3
========================================================================
Received Import Request.
  Time since last request: 0.594893 seconds.
  path: Assets/Sprites/ForestLevel/TileSet/Sprites 1_21.asset
  artifactKey: Guid(5fb1501d9d7247b49a79b82eb3005667) Importer(815301076,1909f56bfc062723c751e8b465ee728b)
Start importing Assets/Sprites/ForestLevel/TileSet/Sprites 1_21.asset using Guid(5fb1501d9d7247b49a79b82eb3005667) Importer(815301076,1909f56bfc062723c751e8b465ee728b)  -> (artifact id: '04935c4bc724036e9f2004256479dd5b') in 0.015650 seconds
Number of updated asset objects reloaded before import = 0
Number of asset objects unloaded after import = 3
========================================================================
Received Import Request.
  Time since last request: 0.000016 seconds.
  path: Assets/Sprites/ForestLevel/TileSet/Sprites 1_24.asset
  artifactKey: Guid(8a43f2c4ed0cb3f4aad53022095ab19d) Importer(815301076,1909f56bfc062723c751e8b465ee728b)
Start importing Assets/Sprites/ForestLevel/TileSet/Sprites 1_24.asset using Guid(8a43f2c4ed0cb3f4aad53022095ab19d) Importer(815301076,1909f56bfc062723c751e8b465ee728b)  -> (artifact id: '607f79ee65ada8aaf8c79734ff1fbb0b') in 0.013863 seconds
Number of updated asset objects reloaded before import = 0
Number of asset objects unloaded after import = 3
========================================================================
Received Import Request.
  Time since last request: 0.000019 seconds.
  path: Assets/Sprites/ForestLevel/TileSet/Sprites 1_29.asset
  artifactKey: Guid(d1a650daaed72144985918309ed873e4) Importer(815301076,1909f56bfc062723c751e8b465ee728b)
Start importing Assets/Sprites/ForestLevel/TileSet/Sprites 1_29.asset using Guid(d1a650daaed72144985918309ed873e4) Importer(815301076,1909f56bfc062723c751e8b465ee728b)  -> (artifact id: '0827b39632585c8239830c9a6effaead') in 0.013161 seconds
Number of updated asset objects reloaded before import = 0
Number of asset objects unloaded after import = 3
========================================================================
Received Import Request.
  Time since last request: 0.000013 seconds.
  path: Assets/Sprites/ForestLevel/TileSet/Sprites 1_27.asset
  artifactKey: Guid(3e2932d4f6804164cbb78a0124df5d95) Importer(815301076,1909f56bfc062723c751e8b465ee728b)
Start importing Assets/Sprites/ForestLevel/TileSet/Sprites 1_27.asset using Guid(3e2932d4f6804164cbb78a0124df5d95) Importer(815301076,1909f56bfc062723c751e8b465ee728b)  -> (artifact id: 'd11b1bff5a247f381487018fecefbfd6') in 0.015204 seconds
Number of updated asset objects reloaded before import = 0
Number of asset objects unloaded after import = 3
========================================================================
Received Import Request.
  Time since last request: 0.898765 seconds.
  path: Assets/Sprites/ForestLevel/TileSet/Sprites 1_33.asset
  artifactKey: Guid(7c578dbd6b675f04dbaf048eae240705) Importer(815301076,1909f56bfc062723c751e8b465ee728b)
Start importing Assets/Sprites/ForestLevel/TileSet/Sprites 1_33.asset using Guid(7c578dbd6b675f04dbaf048eae240705) Importer(815301076,1909f56bfc062723c751e8b465ee728b)  -> (artifact id: '62fc42d661fd3ea78d26d2cfdf257e1d') in 0.013765 seconds
Number of updated asset objects reloaded before import = 0
Number of asset objects unloaded after import = 3
========================================================================
Received Import Request.
  Time since last request: 0.000013 seconds.
  path: Assets/Sprites/ForestLevel/TileSet/Sprites 1_41.asset
  artifactKey: Guid(4a2595045a0e6f541a3e487344f30ed8) Importer(815301076,1909f56bfc062723c751e8b465ee728b)
Start importing Assets/Sprites/ForestLevel/TileSet/Sprites 1_41.asset using Guid(4a2595045a0e6f541a3e487344f30ed8) Importer(815301076,1909f56bfc062723c751e8b465ee728b)  -> (artifact id: '215f40a98059ec29f6403cec8abe7e4d') in 0.013335 seconds
Number of updated asset objects reloaded before import = 0
Number of asset objects unloaded after import = 3
========================================================================
Received Import Request.
  Time since last request: 0.000017 seconds.
  path: Assets/Sprites/ForestLevel/TileSet/Sprites 1_42.asset
  artifactKey: Guid(941a5714be31e9b44b1218dbb73322c3) Importer(815301076,1909f56bfc062723c751e8b465ee728b)
Start importing Assets/Sprites/ForestLevel/TileSet/Sprites 1_42.asset using Guid(941a5714be31e9b44b1218dbb73322c3) Importer(815301076,1909f56bfc062723c751e8b465ee728b)  -> (artifact id: 'f4406ab27a5131231d849e48a00c8d87') in 0.015560 seconds
Number of updated asset objects reloaded before import = 0
Number of asset objects unloaded after import = 3
========================================================================
Received Import Request.
  Time since last request: 0.000021 seconds.
  path: Assets/Sprites/ForestLevel/TileSet/Sprites 1_43.asset
  artifactKey: Guid(250e43fbc274ebb44b4c8a93f9711737) Importer(815301076,1909f56bfc062723c751e8b465ee728b)
Start importing Assets/Sprites/ForestLevel/TileSet/Sprites 1_43.asset using Guid(250e43fbc274ebb44b4c8a93f9711737) Importer(815301076,1909f56bfc062723c751e8b465ee728b)  -> (artifact id: '47820b6b678868524441cf1dff6ef1bc') in 0.012727 seconds
Number of updated asset objects reloaded before import = 0
Number of asset objects unloaded after import = 3
========================================================================
Received Import Request.
  Time since last request: 0.065557 seconds.
  path: Assets/Sprites/ForestLevel/TileSet/Sprites 1_45.asset
  artifactKey: Guid(29c8e436b3ec73746947981ea85014fd) Importer(815301076,1909f56bfc062723c751e8b465ee728b)
Start importing Assets/Sprites/ForestLevel/TileSet/Sprites 1_45.asset using Guid(29c8e436b3ec73746947981ea85014fd) Importer(815301076,1909f56bfc062723c751e8b465ee728b)  -> (artifact id: 'c1b4e17a3b4d79795a590749937cbce1') in 0.013804 seconds
Number of updated asset objects reloaded before import = 0
Number of asset objects unloaded after import = 3
Editor requested this worker to shutdown with reason: Scaling down because of idle timeout
TcpMessagingSession - receive error: operation aborted. errorcode: 995, details: The I/O operation has been aborted because of either a thread exit or an application request.
AssetImportWorker is now disconnected from the server
Process exiting
Exiting without the bug reporter. Application will terminate with return code 0