Using pre-set license
Built from '2022.3/staging' branch; Version is '2022.3.11f1 (d00248457e15) revision 13632072'; Using compiler version '192829333'; Build Type 'Release'
OS: 'Windows 11  (10.0.22621) 64bit CoreSingleLanguage' Language: 'en' Physical Memory: 15724 MB
BatchMode: 1, IsHumanControllingUs: 0, StartBugReporterOnCrash: 0, Is64bit: 1, IsPro: 1

COMMAND LINE ARGUMENTS:
D:\LuTruUnity\Version\2022.3.11f1\Editor\Unity.exe
-adb2
-batchMode
-noUpm
-name
AssetImportWorker3
-projectPath
D:/ThucTapGame2D/GameTongKet
-logFile
Logs/AssetImportWorker3.log
-srvPort
52023
Successfully changed project path to: D:/ThucTapGame2D/GameTongKet
D:/ThucTapGame2D/GameTongKet
[UnityMemory] Configuration Parameters - Can be set up in boot.config
    "memorysetup-bucket-allocator-granularity=16"
    "memorysetup-bucket-allocator-bucket-count=8"
    "memorysetup-bucket-allocator-block-size=33554432"
    "memorysetup-bucket-allocator-block-count=8"
    "memorysetup-main-allocator-block-size=16777216"
    "memorysetup-thread-allocator-block-size=16777216"
    "memorysetup-gfx-main-allocator-block-size=16777216"
    "memorysetup-gfx-thread-allocator-block-size=16777216"
    "memorysetup-cache-allocator-block-size=4194304"
    "memorysetup-typetree-allocator-block-size=2097152"
    "memorysetup-profiler-bucket-allocator-granularity=16"
    "memorysetup-profiler-bucket-allocator-bucket-count=8"
    "memorysetup-profiler-bucket-allocator-block-size=33554432"
    "memorysetup-profiler-bucket-allocator-block-count=8"
    "memorysetup-profiler-allocator-block-size=16777216"
    "memorysetup-profiler-editor-allocator-block-size=1048576"
    "memorysetup-temp-allocator-size-main=16777216"
    "memorysetup-job-temp-allocator-block-size=2097152"
    "memorysetup-job-temp-allocator-block-size-background=1048576"
    "memorysetup-job-temp-allocator-reduction-small-platforms=262144"
    "memorysetup-allocator-temp-initial-block-size-main=262144"
    "memorysetup-allocator-temp-initial-block-size-worker=262144"
    "memorysetup-temp-allocator-size-background-worker=32768"
    "memorysetup-temp-allocator-size-job-worker=262144"
    "memorysetup-temp-allocator-size-preload-manager=33554432"
    "memorysetup-temp-allocator-size-nav-mesh-worker=65536"
    "memorysetup-temp-allocator-size-audio-worker=65536"
    "memorysetup-temp-allocator-size-cloud-worker=32768"
    "memorysetup-temp-allocator-size-gi-baking-worker=262144"
    "memorysetup-temp-allocator-size-gfx=262144"
Player connection [523108] Host "[IP] 192.168.1.5 [Port] 0 [Flags] 2 [Guid] 3710454672 [EditorId] 3710454672 [Version] 1048832 [Id] WindowsEditor(7,LAPTOP-DUTDHNMP) [Debug] 1 [PackageName] WindowsEditor [ProjectName] Editor" joined multi-casting on [225.0.0.222:54997]...

Player connection [523108] Host "[IP] 192.168.1.5 [Port] 0 [Flags] 2 [Guid] 3710454672 [EditorId] 3710454672 [Version] 1048832 [Id] WindowsEditor(7,LAPTOP-DUTDHNMP) [Debug] 1 [PackageName] WindowsEditor [ProjectName] Editor" joined alternative multi-casting on [225.0.0.222:34997]...

[Physics::Module] Initialized MultithreadedJobDispatcher with 11 workers.
Refreshing native plugins compatible for Editor in 9.90 ms, found 4 plugins.
Preloading 0 native plugins for Editor in 0.00 ms.
Initialize engine version: 2022.3.11f1 (d00248457e15)
[Subsystems] Discovering subsystems at path D:/LuTruUnity/Version/2022.3.11f1/Editor/Data/Resources/UnitySubsystems
[Subsystems] Discovering subsystems at path D:/ThucTapGame2D/GameTongKet/Assets
GfxDevice: creating device client; threaded=0; jobified=0
Direct3D:
    Version:  Direct3D 11.0 [level 11.1]
    Renderer: NVIDIA GeForce GTX 1650 (ID=0x1f9d)
    Vendor:   NVIDIA
    VRAM:     3962 MB
    Driver:   30.0.15.1274
Initialize mono
Mono path[0] = 'D:/LuTruUnity/Version/2022.3.11f1/Editor/Data/Managed'
Mono path[1] = 'D:/LuTruUnity/Version/2022.3.11f1/Editor/Data/MonoBleedingEdge/lib/mono/unityjit-win32'
Mono config path = 'D:/LuTruUnity/Version/2022.3.11f1/Editor/Data/MonoBleedingEdge/etc'
Using monoOptions --debugger-agent=transport=dt_socket,embedding=1,server=y,suspend=n,address=127.0.0.1:56720
Begin MonoManager ReloadAssembly
Registering precompiled unity dll's ...
Register platform support module: D:/LuTruUnity/Version/2022.3.11f1/Editor/Data/PlaybackEngines/WebGLSupport/UnityEditor.WebGL.Extensions.dll
Register platform support module: D:/LuTruUnity/Version/2022.3.11f1/Editor/Data/PlaybackEngines/AndroidPlayer/UnityEditor.Android.Extensions.dll
Register platform support module: D:/LuTruUnity/Version/2022.3.11f1/Editor/Data/PlaybackEngines/WindowsStandaloneSupport/UnityEditor.WindowsStandalone.Extensions.dll
Registered in 0.005521 seconds.
- Loaded All Assemblies, in  0.384 seconds
Native extension for WindowsStandalone target not found
Native extension for Android target not found
Android Extension - Scanning For ADB Devices 395 ms
Native extension for WebGL target not found
Mono: successfully reloaded assembly
- Finished resetting the current domain, in  0.735 seconds
Domain Reload Profiling: 1119ms
	BeginReloadAssembly (122ms)
		ExecutionOrderSort (0ms)
		DisableScriptedObjects (0ms)
		BackupInstance (0ms)
		ReleaseScriptingObjects (0ms)
		CreateAndSetChildDomain (1ms)
	RebuildCommonClasses (38ms)
	RebuildNativeTypeToScriptingClass (11ms)
	initialDomainReloadingComplete (57ms)
	LoadAllAssembliesAndSetupDomain (156ms)
		LoadAssemblies (122ms)
		RebuildTransferFunctionScriptingTraits (0ms)
		AnalyzeDomain (153ms)
			TypeCache.Refresh (151ms)
				TypeCache.ScanAssembly (137ms)
			ScanForSourceGeneratedMonoScriptInfo (0ms)
			ResolveRequiredComponents (1ms)
	FinalizeReload (736ms)
		ReleaseScriptCaches (0ms)
		RebuildScriptCaches (0ms)
		SetupLoadedEditorAssemblies (676ms)
			LogAssemblyErrors (0ms)
			InitializePlatformSupportModulesInManaged (512ms)
			SetLoadedEditorAssemblies (4ms)
			RefreshPlugins (0ms)
			BeforeProcessingInitializeOnLoad (2ms)
			ProcessInitializeOnLoadAttributes (106ms)
			ProcessInitializeOnLoadMethodAttributes (52ms)
			AfterProcessingInitializeOnLoad (0ms)
			EditorAssembliesLoaded (0ms)
		ExecutionOrderSort2 (0ms)
		AwakeInstancesAfterBackupRestoration (0ms)
========================================================================
Worker process is ready to serve import requests
Begin MonoManager ReloadAssembly
- Loaded All Assemblies, in  0.690 seconds
Refreshing native plugins compatible for Editor in 4.56 ms, found 4 plugins.
Native extension for WindowsStandalone target not found
Native extension for Android target not found
Native extension for WebGL target not found
Package Manager log level set to [2]
[Package Manager] Server::EnsureServerProcessIsRunning -- launch failed, reason: Unity was launched with the -noUpm command-line argument
[Package Manager] UpmClient::Send -- Unable to send message (not connected to UPM process).
[Package Manager] Cannot connect to Unity Package Manager local server
Mono: successfully reloaded assembly
- Finished resetting the current domain, in  0.679 seconds
Domain Reload Profiling: 1369ms
	BeginReloadAssembly (168ms)
		ExecutionOrderSort (0ms)
		DisableScriptedObjects (6ms)
		BackupInstance (0ms)
		ReleaseScriptingObjects (0ms)
		CreateAndSetChildDomain (25ms)
	RebuildCommonClasses (35ms)
	RebuildNativeTypeToScriptingClass (11ms)
	initialDomainReloadingComplete (49ms)
	LoadAllAssembliesAndSetupDomain (426ms)
		LoadAssemblies (336ms)
		RebuildTransferFunctionScriptingTraits (0ms)
		AnalyzeDomain (189ms)
			TypeCache.Refresh (157ms)
				TypeCache.ScanAssembly (140ms)
			ScanForSourceGeneratedMonoScriptInfo (22ms)
			ResolveRequiredComponents (8ms)
	FinalizeReload (680ms)
		ReleaseScriptCaches (0ms)
		RebuildScriptCaches (0ms)
		SetupLoadedEditorAssemblies (496ms)
			LogAssemblyErrors (0ms)
			InitializePlatformSupportModulesInManaged (28ms)
			SetLoadedEditorAssemblies (5ms)
			RefreshPlugins (0ms)
			BeforeProcessingInitializeOnLoad (74ms)
			ProcessInitializeOnLoadAttributes (347ms)
			ProcessInitializeOnLoadMethodAttributes (39ms)
			AfterProcessingInitializeOnLoad (2ms)
			EditorAssembliesLoaded (0ms)
		ExecutionOrderSort2 (0ms)
		AwakeInstancesAfterBackupRestoration (6ms)
Launched and connected shader compiler UnityShaderCompiler.exe after 0.07 seconds
Refreshing native plugins compatible for Editor in 5.24 ms, found 4 plugins.
Preloading 0 native plugins for Editor in 0.00 ms.
Unloading 4016 Unused Serialized files (Serialized files now loaded: 0)
Unloading 70 unused Assets / (245.3 KB). Loaded Objects now: 4475.
Memory consumption went from 148.2 MB to 148.0 MB.
Total: 3.986900 ms (FindLiveObjects: 0.467200 ms CreateObjectMapping: 0.234800 ms MarkObjects: 3.027600 ms  DeleteObjects: 0.256300 ms)

AssetImportParameters requested are different than current active one (requested -> active):
  custom:container-demuxer-ogg: 62fdf1f143b41e24485cea50d1cbac27 -> 
  custom:video-decoder-ogg-theora: a1e56fd34408186e4bbccfd4996cb3dc -> 
  custom:framework-win-MediaFoundation: 216162199b28c13a410421893ffa2e32 -> 
  custom:CustomObjectIndexerAttribute: 756ad292c208cfabdd7b50bc23989ffe -> 
  custom:container-demuxer-webm: 4f35f7cbe854078d1ac9338744f61a02 -> 
  custom:container-muxer-webm: aa71ff27fc2769a1b78a27578f13a17b -> 
  custom:video-decoder-webm-vp8: 9c59270c3fd7afecdb556c50c9e8de78 -> 
  custom:SearchIndexIgnoredProperties: e643bd26f0fe6173181afceb89e7c659 -> 
  custom:AudioImporter_EditorPlatform: d09bf68614088b80899f8185d706f6e7 -> 
  custom:video-encoder-webm-vp8: eb34c28f22e8b96e1ab97ce403110664 -> 
  custom:audio-decoder-ogg-vorbis: bf7c407c2cedff20999df2af8eb42d56 -> 
  custom:audio-encoder-webm-vorbis: bf7c407c2cedff20999df2af8eb42d56 -> 
========================================================================
Received Import Request.
  Time since last request: 537347.417703 seconds.
  path: Assets/Tiles/Sprites 1_0.asset
  artifactKey: Guid(cc84bcc2ecee8da43a453af3bfbcf945) Importer(815301076,1909f56bfc062723c751e8b465ee728b)
Start importing Assets/Tiles/Sprites 1_0.asset using Guid(cc84bcc2ecee8da43a453af3bfbcf945) Importer(815301076,1909f56bfc062723c751e8b465ee728b)  -> (artifact id: '1384324b1d276ab967f2d66f2669f640') in 0.056306 seconds
Number of updated asset objects reloaded before import = 0
Number of asset objects unloaded after import = 3
========================================================================
Received Import Request.
  Time since last request: 0.000019 seconds.
  path: Assets/Tiles/Sprites 1_43.asset
  artifactKey: Guid(d13bd474c0c9f654abb2a882ed3c6ffb) Importer(815301076,1909f56bfc062723c751e8b465ee728b)
Start importing Assets/Tiles/Sprites 1_43.asset using Guid(d13bd474c0c9f654abb2a882ed3c6ffb) Importer(815301076,1909f56bfc062723c751e8b465ee728b)  -> (artifact id: '2c17f12a03f6ad51ea05f5b409330ea9') in 0.005133 seconds
Number of updated asset objects reloaded before import = 0
Number of asset objects unloaded after import = 3
========================================================================
Received Import Request.
  Time since last request: 0.000017 seconds.
  path: Assets/Tiles/Sprites 1_40.asset
  artifactKey: Guid(c3379821977550844beca22f807972e8) Importer(815301076,1909f56bfc062723c751e8b465ee728b)
Start importing Assets/Tiles/Sprites 1_40.asset using Guid(c3379821977550844beca22f807972e8) Importer(815301076,1909f56bfc062723c751e8b465ee728b)  -> (artifact id: '417adea725aae3ab96806e1091a015f4') in 0.005233 seconds
Number of updated asset objects reloaded before import = 0
Number of asset objects unloaded after import = 3
========================================================================
Received Import Request.
  Time since last request: 0.000017 seconds.
  path: Assets/Tiles/Sprites 1_20.asset
  artifactKey: Guid(79bd57fc938f88e448b5e65cb20c09a7) Importer(815301076,1909f56bfc062723c751e8b465ee728b)
Start importing Assets/Tiles/Sprites 1_20.asset using Guid(79bd57fc938f88e448b5e65cb20c09a7) Importer(815301076,1909f56bfc062723c751e8b465ee728b)  -> (artifact id: '89828cd763fbd85fee90b729465f6801') in 0.006294 seconds
Number of updated asset objects reloaded before import = 0
Number of asset objects unloaded after import = 3
========================================================================
Received Import Request.
  Time since last request: 0.000018 seconds.
  path: Assets/Tiles/Sprites 1_17.asset
  artifactKey: Guid(3236c9740e840b1428dd8438ae094831) Importer(815301076,1909f56bfc062723c751e8b465ee728b)
Start importing Assets/Tiles/Sprites 1_17.asset using Guid(3236c9740e840b1428dd8438ae094831) Importer(815301076,1909f56bfc062723c751e8b465ee728b)  -> (artifact id: '6919fb2fa9ddfb401c408a1a1837ff28') in 0.004837 seconds
Number of updated asset objects reloaded before import = 0
Number of asset objects unloaded after import = 3
========================================================================
Received Import Request.
  Time since last request: 0.000015 seconds.
  path: Assets/Tiles/Sprites 1_4.asset
  artifactKey: Guid(214da9d929aeb2b47ade9fa8ef59717b) Importer(815301076,1909f56bfc062723c751e8b465ee728b)
Start importing Assets/Tiles/Sprites 1_4.asset using Guid(214da9d929aeb2b47ade9fa8ef59717b) Importer(815301076,1909f56bfc062723c751e8b465ee728b)  -> (artifact id: 'a8bee255c5c8ae405da252191d607fba') in 0.006077 seconds
Number of updated asset objects reloaded before import = 0
Number of asset objects unloaded after import = 3
========================================================================
Received Import Request.
  Time since last request: 0.000015 seconds.
  path: Assets/Tiles/Sprites 1_15.asset
  artifactKey: Guid(4956d3928e06a1344b09906063ef4626) Importer(815301076,1909f56bfc062723c751e8b465ee728b)
Start importing Assets/Tiles/Sprites 1_15.asset using Guid(4956d3928e06a1344b09906063ef4626) Importer(815301076,1909f56bfc062723c751e8b465ee728b)  -> (artifact id: '6fd484c77325cae80d3edf9abfffece5') in 0.004945 seconds
Number of updated asset objects reloaded before import = 0
Number of asset objects unloaded after import = 3
========================================================================
Received Import Request.
  Time since last request: 0.000017 seconds.
  path: Assets/Tiles/Sprites 1_10.asset
  artifactKey: Guid(be33d361fdbc0be4fb3f171d8b0f47cf) Importer(815301076,1909f56bfc062723c751e8b465ee728b)
Start importing Assets/Tiles/Sprites 1_10.asset using Guid(be33d361fdbc0be4fb3f171d8b0f47cf) Importer(815301076,1909f56bfc062723c751e8b465ee728b)  -> (artifact id: 'c86079cd5adb818a15b91b9bbc835de2') in 0.006479 seconds
Number of updated asset objects reloaded before import = 0
Number of asset objects unloaded after import = 3
========================================================================
Received Import Request.
  Time since last request: 0.000015 seconds.
  path: Assets/Tiles/Sprites 1_47.asset
  artifactKey: Guid(1bf15779a5304da43a4f6c303ba02ba8) Importer(815301076,1909f56bfc062723c751e8b465ee728b)
Start importing Assets/Tiles/Sprites 1_47.asset using Guid(1bf15779a5304da43a4f6c303ba02ba8) Importer(815301076,1909f56bfc062723c751e8b465ee728b)  -> (artifact id: '1d97df132e06d4be5fa59ca272c3b676') in 0.004857 seconds
Number of updated asset objects reloaded before import = 0
Number of asset objects unloaded after import = 3
========================================================================
Received Import Request.
  Time since last request: 0.000018 seconds.
  path: Assets/Tiles/Sprites 1_42.asset
  artifactKey: Guid(80242490ebd908443a87a494550c9802) Importer(815301076,1909f56bfc062723c751e8b465ee728b)
Start importing Assets/Tiles/Sprites 1_42.asset using Guid(80242490ebd908443a87a494550c9802) Importer(815301076,1909f56bfc062723c751e8b465ee728b)  -> (artifact id: '66dbde0ab4fcde089ec9c6fe212cf9e3') in 0.006774 seconds
Number of updated asset objects reloaded before import = 0
Number of asset objects unloaded after import = 3
========================================================================
Received Import Request.
  Time since last request: 0.000031 seconds.
  path: Assets/Tiles/Sprites 1_31.asset
  artifactKey: Guid(5c01eaf74305b5b468245056f3f9b4a7) Importer(815301076,1909f56bfc062723c751e8b465ee728b)
Start importing Assets/Tiles/Sprites 1_31.asset using Guid(5c01eaf74305b5b468245056f3f9b4a7) Importer(815301076,1909f56bfc062723c751e8b465ee728b)  -> (artifact id: '6b01c80998106d71c1499c935e5fbd70') in 0.005435 seconds
Number of updated asset objects reloaded before import = 0
Number of asset objects unloaded after import = 3
========================================================================
Received Import Request.
  Time since last request: 0.000016 seconds.
  path: Assets/Tiles/Sprites 1_16.asset
  artifactKey: Guid(1c122d1d5ee6642459e88abea8550090) Importer(815301076,1909f56bfc062723c751e8b465ee728b)
Start importing Assets/Tiles/Sprites 1_16.asset using Guid(1c122d1d5ee6642459e88abea8550090) Importer(815301076,1909f56bfc062723c751e8b465ee728b)  -> (artifact id: '66e3eabed19643dd468d0fe324fdb52e') in 0.004675 seconds
Number of updated asset objects reloaded before import = 0
Number of asset objects unloaded after import = 3
========================================================================
Received Import Request.
  Time since last request: 0.000013 seconds.
  path: Assets/Tiles/Sprites 1_45.asset
  artifactKey: Guid(c9281ef348d2a9c4ead46cb83d4d6bd3) Importer(815301076,1909f56bfc062723c751e8b465ee728b)
Start importing Assets/Tiles/Sprites 1_45.asset using Guid(c9281ef348d2a9c4ead46cb83d4d6bd3) Importer(815301076,1909f56bfc062723c751e8b465ee728b)  -> (artifact id: 'db86ce0a03e41eeec13cf9099462cdf6') in 0.005183 seconds
Number of updated asset objects reloaded before import = 0
Number of asset objects unloaded after import = 3
========================================================================
Received Import Request.
  Time since last request: 0.000018 seconds.
  path: Assets/Tiles/Sprites 1_26.asset
  artifactKey: Guid(b03291b02bb19f145b0c4def1f30ef86) Importer(815301076,1909f56bfc062723c751e8b465ee728b)
Start importing Assets/Tiles/Sprites 1_26.asset using Guid(b03291b02bb19f145b0c4def1f30ef86) Importer(815301076,1909f56bfc062723c751e8b465ee728b)  -> (artifact id: 'a13e1d397d50da976091b03886e14c8c') in 0.004485 seconds
Number of updated asset objects reloaded before import = 0
Number of asset objects unloaded after import = 3
========================================================================
Received Import Request.
  Time since last request: 0.000015 seconds.
  path: Assets/Tiles/Sprites 1_21.asset
  artifactKey: Guid(7fd34b12b0551dd40a5222f13961f371) Importer(815301076,1909f56bfc062723c751e8b465ee728b)
Start importing Assets/Tiles/Sprites 1_21.asset using Guid(7fd34b12b0551dd40a5222f13961f371) Importer(815301076,1909f56bfc062723c751e8b465ee728b)  -> (artifact id: 'aa9570a0c1b8757043ccdbf38aa4f4e6') in 0.004603 seconds
Number of updated asset objects reloaded before import = 0
Number of asset objects unloaded after import = 3
========================================================================
Received Import Request.
  Time since last request: 0.000015 seconds.
  path: Assets/Tiles/Sprites 1_41.asset
  artifactKey: Guid(e1bfd7ede63b7a34980db150e5a5fb88) Importer(815301076,1909f56bfc062723c751e8b465ee728b)
Start importing Assets/Tiles/Sprites 1_41.asset using Guid(e1bfd7ede63b7a34980db150e5a5fb88) Importer(815301076,1909f56bfc062723c751e8b465ee728b)  -> (artifact id: 'a15d61c942740c33dcb257e20b1ece0b') in 0.004883 seconds
Number of updated asset objects reloaded before import = 0
Number of asset objects unloaded after import = 3
========================================================================
Received Import Request.
  Time since last request: 0.000015 seconds.
  path: Assets/Tiles/Sprites 1_2.asset
  artifactKey: Guid(0907ccca1bcb2394fa79cf81f38cb25a) Importer(815301076,1909f56bfc062723c751e8b465ee728b)
Start importing Assets/Tiles/Sprites 1_2.asset using Guid(0907ccca1bcb2394fa79cf81f38cb25a) Importer(815301076,1909f56bfc062723c751e8b465ee728b)  -> (artifact id: 'a20ee31f765ab8e650a024d99f0fbb43') in 0.005591 seconds
Number of updated asset objects reloaded before import = 0
Number of asset objects unloaded after import = 3
========================================================================
Received Import Request.
  Time since last request: 0.000017 seconds.
  path: Assets/Tiles/Sprites 1_28.asset
  artifactKey: Guid(323a779c40c25684fbe0ae4f6c4c0c44) Importer(815301076,1909f56bfc062723c751e8b465ee728b)
Start importing Assets/Tiles/Sprites 1_28.asset using Guid(323a779c40c25684fbe0ae4f6c4c0c44) Importer(815301076,1909f56bfc062723c751e8b465ee728b)  -> (artifact id: '0a6e6be0aa1b391f802740d8642a40c7') in 0.003984 seconds
Number of updated asset objects reloaded before import = 0
Number of asset objects unloaded after import = 3
========================================================================
Received Import Request.
  Time since last request: 0.000020 seconds.
  path: Assets/Tiles/Sprites 1_33.asset
  artifactKey: Guid(b833f8ce9d7a52d439f16b7e256daf76) Importer(815301076,1909f56bfc062723c751e8b465ee728b)
Start importing Assets/Tiles/Sprites 1_33.asset using Guid(b833f8ce9d7a52d439f16b7e256daf76) Importer(815301076,1909f56bfc062723c751e8b465ee728b)  -> (artifact id: '8ab26cb4a3a9a514e40f4efb285acef4') in 0.006596 seconds
Number of updated asset objects reloaded before import = 0
Number of asset objects unloaded after import = 3
========================================================================
Received Import Request.
  Time since last request: 0.000019 seconds.
  path: Assets/Tiles/Sprites 1_18.asset
  artifactKey: Guid(1aae6ccd2cb57784c9a9c9b388cb8ee9) Importer(815301076,1909f56bfc062723c751e8b465ee728b)
Start importing Assets/Tiles/Sprites 1_18.asset using Guid(1aae6ccd2cb57784c9a9c9b388cb8ee9) Importer(815301076,1909f56bfc062723c751e8b465ee728b)  -> (artifact id: 'fd72a48076699e77208f3834bf1b12a6') in 0.005297 seconds
Number of updated asset objects reloaded before import = 0
Number of asset objects unloaded after import = 3
========================================================================
Received Import Request.
  Time since last request: 0.000014 seconds.
  path: Assets/Tiles/Sprites 1_34.asset
  artifactKey: Guid(ebaa09bfa8d2c4e4a941746b3175fb2f) Importer(815301076,1909f56bfc062723c751e8b465ee728b)
Start importing Assets/Tiles/Sprites 1_34.asset using Guid(ebaa09bfa8d2c4e4a941746b3175fb2f) Importer(815301076,1909f56bfc062723c751e8b465ee728b)  -> (artifact id: '14452aef0c07e5b5d0496dc0d1feabb0') in 0.005835 seconds
Number of updated asset objects reloaded before import = 0
Number of asset objects unloaded after import = 3
========================================================================
Received Import Request.
  Time since last request: 0.000018 seconds.
  path: Assets/Tiles/Sprites 1_35.asset
  artifactKey: Guid(332d6cffc4c35e243b0b094c1096f7df) Importer(815301076,1909f56bfc062723c751e8b465ee728b)
Start importing Assets/Tiles/Sprites 1_35.asset using Guid(332d6cffc4c35e243b0b094c1096f7df) Importer(815301076,1909f56bfc062723c751e8b465ee728b)  -> (artifact id: '33c7d6debe2a67eeda018a60e04de655') in 0.005363 seconds
Number of updated asset objects reloaded before import = 0
Number of asset objects unloaded after import = 3
========================================================================
Received Import Request.
  Time since last request: 0.000021 seconds.
  path: Assets/Tiles/Sprites 1_19.asset
  artifactKey: Guid(6bb289f6d08442e428b8bcc1682617dd) Importer(815301076,1909f56bfc062723c751e8b465ee728b)
Start importing Assets/Tiles/Sprites 1_19.asset using Guid(6bb289f6d08442e428b8bcc1682617dd) Importer(815301076,1909f56bfc062723c751e8b465ee728b)  -> (artifact id: 'e1411b165369e82bffcbe52cf5257e36') in 0.005954 seconds
Number of updated asset objects reloaded before import = 0
Number of asset objects unloaded after import = 3
========================================================================
Received Import Request.
  Time since last request: 0.000026 seconds.
  path: Assets/Tiles/Sprites 1_25.asset
  artifactKey: Guid(c917ec9721342d945a4972f6b3c4b8a0) Importer(815301076,1909f56bfc062723c751e8b465ee728b)
Start importing Assets/Tiles/Sprites 1_25.asset using Guid(c917ec9721342d945a4972f6b3c4b8a0) Importer(815301076,1909f56bfc062723c751e8b465ee728b)  -> (artifact id: '871b4eeba3f5e9a1479016eba37fac6b') in 0.006000 seconds
Number of updated asset objects reloaded before import = 0
Number of asset objects unloaded after import = 3
Editor requested this worker to shutdown with reason: Scaling down because of idle timeout
TcpMessagingSession - receive error: operation aborted. errorcode: 995, details: The I/O operation has been aborted because of either a thread exit or an application request.
AssetImportWorker is now disconnected from the server
Process exiting
Exiting without the bug reporter. Application will terminate with return code 0